[2025-06-06T18:04:00.933+0000] {taskinstance.py:1956} INFO - Dependencies all met for dep_context=non-requeueable deps ti=<TaskInstance: deep_models_pipeline.train_deep_hybrid_model manual__2025-06-06T18:02:47.534969+00:00 [queued]>
[2025-06-06T18:04:00.943+0000] {taskinstance.py:1956} INFO - Dependencies all met for dep_context=requeueable deps ti=<TaskInstance: deep_models_pipeline.train_deep_hybrid_model manual__2025-06-06T18:02:47.534969+00:00 [queued]>
[2025-06-06T18:04:00.944+0000] {taskinstance.py:2170} INFO - Starting attempt 2 of 3
[2025-06-06T18:04:00.958+0000] {taskinstance.py:2191} INFO - Executing <Task(PythonOperator): train_deep_hybrid_model> on 2025-06-06 18:02:47.534969+00:00
[2025-06-06T18:04:00.965+0000] {standard_task_runner.py:60} INFO - Started process 440 to run task
[2025-06-06T18:04:00.967+0000] {standard_task_runner.py:87} INFO - Running: ['***', 'tasks', 'run', 'deep_models_pipeline', 'train_deep_hybrid_model', 'manual__2025-06-06T18:02:47.534969+00:00', '--job-id', '2210', '--raw', '--subdir', 'DAGS_FOLDER/train_deep_model_dag.py', '--cfg-path', '/tmp/tmpdpt3la6x']
[2025-06-06T18:04:00.969+0000] {standard_task_runner.py:88} INFO - Job 2210: Subtask train_deep_hybrid_model
[2025-06-06T18:04:01.018+0000] {task_command.py:423} INFO - Running <TaskInstance: deep_models_pipeline.train_deep_hybrid_model manual__2025-06-06T18:02:47.534969+00:00 [running]> on host 37a55cfe7e97
[2025-06-06T18:04:01.119+0000] {taskinstance.py:2480} INFO - Exporting env vars: AIRFLOW_CTX_DAG_OWNER='***' AIRFLOW_CTX_DAG_ID='deep_models_pipeline' AIRFLOW_CTX_TASK_ID='train_deep_hybrid_model' AIRFLOW_CTX_EXECUTION_DATE='2025-06-06T18:02:47.534969+00:00' AIRFLOW_CTX_TRY_NUMBER='2' AIRFLOW_CTX_DAG_RUN_ID='manual__2025-06-06T18:02:47.534969+00:00'
[2025-06-06T18:04:01.120+0000] {train_deep_model_dag.py:13} INFO - üü¶ Running command: python /opt/***/src/models/train_hybrid_deep_model.py --n_neighbors=10 --latent_dim=32 --epochs=30 --tfidf_features=300
[2025-06-06T18:04:05.477+0000] {train_deep_model_dag.py:20} INFO - üü© [stdout]:

[2025-06-06T18:04:05.478+0000] {train_deep_model_dag.py:22} WARNING - üü® [stderr]:
/home/***/.local/lib/python3.10/site-packages/mlflow/pyfunc/utils/data_validation.py:186: UserWarning: [33mAdd type hints to the `predict` method to enable data validation and automatic signature inference during model logging. Check https://mlflow.org/docs/latest/model/python_model.html#type-hint-usage-in-pythonmodel for more details.[0m
  color_warning(
Traceback (most recent call last):
  File "/opt/***/src/models/train_hybrid_deep_model.py", line 202, in <module>
    train_hybrid_deep_model(
  File "/opt/***/src/models/train_hybrid_deep_model.py", line 57, in train_hybrid_deep_model
    mlflow.set_experiment("hybrid_deep_model_exp")
  File "/home/***/.local/lib/python3.10/site-packages/mlflow/tracking/fluent.py", line 182, in set_experiment
    raise MlflowException(
mlflow.exceptions.MlflowException: Cannot set a deleted experiment 'hybrid_deep_model_exp' as the active experiment. You can restore the experiment, or permanently delete the experiment to create a new one.

[2025-06-06T18:04:05.478+0000] {train_deep_model_dag.py:29} ERROR - ‚ùå Subprozess-Fehler (exit code 1): python /opt/***/src/models/train_hybrid_deep_model.py --n_neighbors=10 --latent_dim=32 --epochs=30 --tfidf_features=300
[2025-06-06T18:04:05.478+0000] {train_deep_model_dag.py:32} ERROR - ‚ùå Subprozess-Ausnahme: Command '['python', '/opt/***/src/models/train_hybrid_deep_model.py', '--n_neighbors=10', '--latent_dim=32', '--epochs=30', '--tfidf_features=300']' returned non-zero exit status 1.
[2025-06-06T18:04:05.479+0000] {taskinstance.py:2698} ERROR - Task failed with exception
Traceback (most recent call last):
  File "/home/airflow/.local/lib/python3.10/site-packages/airflow/models/taskinstance.py", line 433, in _execute_task
    result = execute_callable(context=context, **execute_callable_kwargs)
  File "/home/airflow/.local/lib/python3.10/site-packages/airflow/operators/python.py", line 199, in execute
    return_value = self.execute_callable()
  File "/home/airflow/.local/lib/python3.10/site-packages/airflow/operators/python.py", line 216, in execute_callable
    return self.python_callable(*self.op_args, **self.op_kwargs)
  File "/opt/airflow/dags/train_deep_model_dag.py", line 54, in run_train_deep_hybrid_model
    run_and_log([
  File "/opt/airflow/dags/train_deep_model_dag.py", line 30, in run_and_log
    raise subprocess.CalledProcessError(result.returncode, command)
subprocess.CalledProcessError: Command '['python', '/opt/airflow/src/models/train_hybrid_deep_model.py', '--n_neighbors=10', '--latent_dim=32', '--epochs=30', '--tfidf_features=300']' returned non-zero exit status 1.
[2025-06-06T18:04:05.489+0000] {taskinstance.py:1138} INFO - Marking task as UP_FOR_RETRY. dag_id=deep_models_pipeline, task_id=train_deep_hybrid_model, execution_date=20250606T180247, start_date=20250606T180400, end_date=20250606T180405
[2025-06-06T18:04:05.498+0000] {standard_task_runner.py:107} ERROR - Failed to execute job 2210 for task train_deep_hybrid_model (Command '['python', '/opt/airflow/src/models/train_hybrid_deep_model.py', '--n_neighbors=10', '--latent_dim=32', '--epochs=30', '--tfidf_features=300']' returned non-zero exit status 1.; 440)
[2025-06-06T18:04:05.532+0000] {local_task_job_runner.py:234} INFO - Task exited with return code 1
[2025-06-06T18:04:05.550+0000] {taskinstance.py:3280} INFO - 0 downstream tasks scheduled from follow-on schedule check
