[2025-06-01T20:26:07.740+0000] {taskinstance.py:1956} INFO - Dependencies all met for dep_context=non-requeueable deps ti=<TaskInstance: movie_recommendation_pipeline.build_features manual__2025-06-01T20:26:05.207554+00:00 [queued]>
[2025-06-01T20:26:07.747+0000] {taskinstance.py:1956} INFO - Dependencies all met for dep_context=requeueable deps ti=<TaskInstance: movie_recommendation_pipeline.build_features manual__2025-06-01T20:26:05.207554+00:00 [queued]>
[2025-06-01T20:26:07.748+0000] {taskinstance.py:2170} INFO - Starting attempt 1 of 3
[2025-06-01T20:26:07.757+0000] {taskinstance.py:2191} INFO - Executing <Task(PythonOperator): build_features> on 2025-06-01 20:26:05.207554+00:00
[2025-06-01T20:26:07.764+0000] {standard_task_runner.py:60} INFO - Started process 232 to run task
[2025-06-01T20:26:07.766+0000] {standard_task_runner.py:87} INFO - Running: ['***', 'tasks', 'run', 'movie_recommendation_pipeline', 'build_features', 'manual__2025-06-01T20:26:05.207554+00:00', '--job-id', '1251', '--raw', '--subdir', 'DAGS_FOLDER/mlops_movie_dag.py', '--cfg-path', '/tmp/tmpxsznwcdp']
[2025-06-01T20:26:07.767+0000] {standard_task_runner.py:88} INFO - Job 1251: Subtask build_features
[2025-06-01T20:26:07.797+0000] {task_command.py:423} INFO - Running <TaskInstance: movie_recommendation_pipeline.build_features manual__2025-06-01T20:26:05.207554+00:00 [running]> on host 232dd595ceb7
[2025-06-01T20:26:07.849+0000] {taskinstance.py:2480} INFO - Exporting env vars: AIRFLOW_CTX_DAG_OWNER='***' AIRFLOW_CTX_DAG_ID='movie_recommendation_pipeline' AIRFLOW_CTX_TASK_ID='build_features' AIRFLOW_CTX_EXECUTION_DATE='2025-06-01T20:26:05.207554+00:00' AIRFLOW_CTX_TRY_NUMBER='1' AIRFLOW_CTX_DAG_RUN_ID='manual__2025-06-01T20:26:05.207554+00:00'
[2025-06-01T20:26:07.850+0000] {mlops_movie_dag.py:12} INFO - üü¶ Running command: python /opt/***/src/features/build_features.py
[2025-06-01T20:26:31.451+0000] {mlops_movie_dag.py:18} INFO - üü© [stdout]:

[2025-06-01T20:26:31.464+0000] {mlops_movie_dag.py:20} WARNING - üü® [stderr]:
Traceback (most recent call last):
  File "/opt/***/src/features/build_features.py", line 88, in <module>
    movies.to_csv("data/processed/movie_matrix.csv", index=False)
  File "/home/***/.local/lib/python3.10/site-packages/pandas/util/_decorators.py", line 211, in wrapper
    return func(*args, **kwargs)
  File "/home/***/.local/lib/python3.10/site-packages/pandas/core/generic.py", line 3720, in to_csv
    return DataFrameRenderer(formatter).to_csv(
  File "/home/***/.local/lib/python3.10/site-packages/pandas/util/_decorators.py", line 211, in wrapper
    return func(*args, **kwargs)
  File "/home/***/.local/lib/python3.10/site-packages/pandas/io/formats/format.py", line 1189, in to_csv
    csv_formatter.save()
  File "/home/***/.local/lib/python3.10/site-packages/pandas/io/formats/csvs.py", line 241, in save
    with get_handle(
  File "/home/***/.local/lib/python3.10/site-packages/pandas/io/common.py", line 856, in get_handle
    handle = open(
PermissionError: [Errno 13] Permission denied: 'data/processed/movie_matrix.csv'

[2025-06-01T20:26:31.467+0000] {mlops_movie_dag.py:22} ERROR - ‚ùå Subprozess-Fehler (exit code 1): python /opt/***/src/features/build_features.py
[2025-06-01T20:26:31.469+0000] {mlops_movie_dag.py:25} ERROR - ‚ùå Subprozess-Ausnahme: Command '['python', '/opt/***/src/features/build_features.py']' returned non-zero exit status 1.
[2025-06-01T20:26:31.477+0000] {taskinstance.py:2698} ERROR - Task failed with exception
Traceback (most recent call last):
  File "/home/airflow/.local/lib/python3.10/site-packages/airflow/models/taskinstance.py", line 433, in _execute_task
    result = execute_callable(context=context, **execute_callable_kwargs)
  File "/home/airflow/.local/lib/python3.10/site-packages/airflow/operators/python.py", line 199, in execute
    return_value = self.execute_callable()
  File "/home/airflow/.local/lib/python3.10/site-packages/airflow/operators/python.py", line 216, in execute_callable
    return self.python_callable(*self.op_args, **self.op_kwargs)
  File "/opt/airflow/dags/mlops_movie_dag.py", line 35, in run_build_features
    run_and_log(["python", "/opt/airflow/src/features/build_features.py"])
  File "/opt/airflow/dags/mlops_movie_dag.py", line 23, in run_and_log
    raise subprocess.CalledProcessError(result.returncode, command)
subprocess.CalledProcessError: Command '['python', '/opt/airflow/src/features/build_features.py']' returned non-zero exit status 1.
[2025-06-01T20:26:31.548+0000] {taskinstance.py:1138} INFO - Marking task as UP_FOR_RETRY. dag_id=movie_recommendation_pipeline, task_id=build_features, execution_date=20250601T202605, start_date=20250601T202607, end_date=20250601T202631
[2025-06-01T20:26:31.600+0000] {standard_task_runner.py:107} ERROR - Failed to execute job 1251 for task build_features (Command '['python', '/opt/airflow/src/features/build_features.py']' returned non-zero exit status 1.; 232)
[2025-06-01T20:26:31.650+0000] {local_task_job_runner.py:234} INFO - Task exited with return code 1
[2025-06-01T20:26:31.723+0000] {taskinstance.py:3280} INFO - 0 downstream tasks scheduled from follow-on schedule check
