[2025-06-04T01:22:50.733+0000] {taskinstance.py:1956} INFO - Dependencies all met for dep_context=non-requeueable deps ti=<TaskInstance: deep_models_pipeline.train_deep_hybrid_model manual__2025-06-04T01:22:49.965097+00:00 [queued]>
[2025-06-04T01:22:50.739+0000] {taskinstance.py:1956} INFO - Dependencies all met for dep_context=requeueable deps ti=<TaskInstance: deep_models_pipeline.train_deep_hybrid_model manual__2025-06-04T01:22:49.965097+00:00 [queued]>
[2025-06-04T01:22:50.739+0000] {taskinstance.py:2170} INFO - Starting attempt 1 of 1
[2025-06-04T01:22:50.750+0000] {taskinstance.py:2191} INFO - Executing <Task(PythonOperator): train_deep_hybrid_model> on 2025-06-04 01:22:49.965097+00:00
[2025-06-04T01:22:50.756+0000] {standard_task_runner.py:60} INFO - Started process 250 to run task
[2025-06-04T01:22:50.760+0000] {standard_task_runner.py:87} INFO - Running: ['***', 'tasks', 'run', 'deep_models_pipeline', 'train_deep_hybrid_model', 'manual__2025-06-04T01:22:49.965097+00:00', '--job-id', '1740', '--raw', '--subdir', 'DAGS_FOLDER/train_deep_model_dag.py', '--cfg-path', '/tmp/tmplkc165lq']
[2025-06-04T01:22:50.761+0000] {standard_task_runner.py:88} INFO - Job 1740: Subtask train_deep_hybrid_model
[2025-06-04T01:22:50.796+0000] {task_command.py:423} INFO - Running <TaskInstance: deep_models_pipeline.train_deep_hybrid_model manual__2025-06-04T01:22:49.965097+00:00 [running]> on host 58ebcb482be2
[2025-06-04T01:22:50.858+0000] {taskinstance.py:2480} INFO - Exporting env vars: AIRFLOW_CTX_DAG_OWNER='***' AIRFLOW_CTX_DAG_ID='deep_models_pipeline' AIRFLOW_CTX_TASK_ID='train_deep_hybrid_model' AIRFLOW_CTX_EXECUTION_DATE='2025-06-04T01:22:49.965097+00:00' AIRFLOW_CTX_TRY_NUMBER='1' AIRFLOW_CTX_DAG_RUN_ID='manual__2025-06-04T01:22:49.965097+00:00'
[2025-06-04T01:22:50.859+0000] {train_deep_model_dag.py:11} INFO - üü¶ Running command: python /opt/***/src/models/train_hybrid_deep_model.py --n_neighbors=10 --latent_dim=32 --tfidf_features=300
[2025-06-04T01:22:56.241+0000] {train_deep_model_dag.py:18} INFO - üü© [stdout]:

[2025-06-04T01:22:56.242+0000] {train_deep_model_dag.py:20} WARNING - üü® [stderr]:
/home/***/.local/lib/python3.10/site-packages/mlflow/pyfunc/utils/data_validation.py:186: UserWarning: [33mAdd type hints to the `predict` method to enable data validation and automatic signature inference during model logging. Check https://mlflow.org/docs/latest/model/python_model.html#type-hint-usage-in-pythonmodel for more details.[0m
  color_warning(
usage: train_hybrid_deep_model.py [-h] [--n_neighbors N_NEIGHBORS]
                                  [--latent_dim LATENT_DIM]
train_hybrid_deep_model.py: error: unrecognized arguments: --tfidf_features=300

[2025-06-04T01:22:56.243+0000] {train_deep_model_dag.py:27} ERROR - ‚ùå Subprozess-Fehler (exit code 2): python /opt/***/src/models/train_hybrid_deep_model.py --n_neighbors=10 --latent_dim=32 --tfidf_features=300
[2025-06-04T01:22:56.243+0000] {train_deep_model_dag.py:30} ERROR - ‚ùå Subprozess-Ausnahme: Command '['python', '/opt/***/src/models/train_hybrid_deep_model.py', '--n_neighbors=10', '--latent_dim=32', '--tfidf_features=300']' returned non-zero exit status 2.
[2025-06-04T01:22:56.244+0000] {taskinstance.py:2698} ERROR - Task failed with exception
Traceback (most recent call last):
  File "/home/airflow/.local/lib/python3.10/site-packages/airflow/models/taskinstance.py", line 433, in _execute_task
    result = execute_callable(context=context, **execute_callable_kwargs)
  File "/home/airflow/.local/lib/python3.10/site-packages/airflow/operators/python.py", line 199, in execute
    return_value = self.execute_callable()
  File "/home/airflow/.local/lib/python3.10/site-packages/airflow/operators/python.py", line 216, in execute_callable
    return self.python_callable(*self.op_args, **self.op_kwargs)
  File "/opt/airflow/dags/train_deep_model_dag.py", line 50, in run_train_deep_hybrid_model
    run_and_log([
  File "/opt/airflow/dags/train_deep_model_dag.py", line 28, in run_and_log
    raise subprocess.CalledProcessError(result.returncode, command)
subprocess.CalledProcessError: Command '['python', '/opt/airflow/src/models/train_hybrid_deep_model.py', '--n_neighbors=10', '--latent_dim=32', '--tfidf_features=300']' returned non-zero exit status 2.
[2025-06-04T01:22:56.259+0000] {taskinstance.py:1138} INFO - Marking task as FAILED. dag_id=deep_models_pipeline, task_id=train_deep_hybrid_model, execution_date=20250604T012249, start_date=20250604T012250, end_date=20250604T012256
[2025-06-04T01:22:56.275+0000] {standard_task_runner.py:107} ERROR - Failed to execute job 1740 for task train_deep_hybrid_model (Command '['python', '/opt/airflow/src/models/train_hybrid_deep_model.py', '--n_neighbors=10', '--latent_dim=32', '--tfidf_features=300']' returned non-zero exit status 2.; 250)
[2025-06-04T01:22:56.307+0000] {local_task_job_runner.py:234} INFO - Task exited with return code 1
[2025-06-04T01:22:56.327+0000] {taskinstance.py:3280} INFO - 0 downstream tasks scheduled from follow-on schedule check
