[2025-06-01T10:27:08.635+0000] {taskinstance.py:1956} INFO - Dependencies all met for dep_context=non-requeueable deps ti=<TaskInstance: movie_recommendation_pipeline.validate_models manual__2025-06-01T10:14:57.071102+00:00 [queued]>
[2025-06-01T10:27:08.642+0000] {taskinstance.py:1956} INFO - Dependencies all met for dep_context=requeueable deps ti=<TaskInstance: movie_recommendation_pipeline.validate_models manual__2025-06-01T10:14:57.071102+00:00 [queued]>
[2025-06-01T10:27:08.642+0000] {taskinstance.py:2170} INFO - Starting attempt 1 of 3
[2025-06-01T10:27:08.652+0000] {taskinstance.py:2191} INFO - Executing <Task(PythonOperator): validate_models> on 2025-06-01 10:14:57.071102+00:00
[2025-06-01T10:27:08.656+0000] {standard_task_runner.py:60} INFO - Started process 621 to run task
[2025-06-01T10:27:08.658+0000] {standard_task_runner.py:87} INFO - Running: ['***', 'tasks', 'run', 'movie_recommendation_pipeline', 'validate_models', 'manual__2025-06-01T10:14:57.071102+00:00', '--job-id', '940', '--raw', '--subdir', 'DAGS_FOLDER/mlops_movie_dag.py', '--cfg-path', '/tmp/tmpj2gdv3x1']
[2025-06-01T10:27:08.659+0000] {standard_task_runner.py:88} INFO - Job 940: Subtask validate_models
[2025-06-01T10:27:08.690+0000] {task_command.py:423} INFO - Running <TaskInstance: movie_recommendation_pipeline.validate_models manual__2025-06-01T10:14:57.071102+00:00 [running]> on host ce4a8bea328b
[2025-06-01T10:27:08.740+0000] {taskinstance.py:2480} INFO - Exporting env vars: AIRFLOW_CTX_DAG_OWNER='***' AIRFLOW_CTX_DAG_ID='movie_recommendation_pipeline' AIRFLOW_CTX_TASK_ID='validate_models' AIRFLOW_CTX_EXECUTION_DATE='2025-06-01T10:14:57.071102+00:00' AIRFLOW_CTX_TRY_NUMBER='1' AIRFLOW_CTX_DAG_RUN_ID='manual__2025-06-01T10:14:57.071102+00:00'
[2025-06-01T10:30:50.934+0000] {local_task_job_runner.py:121} ERROR - Received SIGTERM. Terminating subprocesses
[2025-06-01T10:30:50.949+0000] {process_utils.py:131} INFO - Sending 15 to group 621. PIDs of all processes in the group: [622, 621]
[2025-06-01T10:30:50.951+0000] {process_utils.py:86} INFO - Sending the signal 15 to group 621
[2025-06-01T10:30:50.956+0000] {taskinstance.py:2450} ERROR - Received SIGTERM. Terminating subprocesses.
[2025-06-01T10:30:50.972+0000] {process_utils.py:79} INFO - Process psutil.Process(pid=622, status='terminated', started='10:27:07') (622) terminated with exit code None
[2025-06-01T10:30:50.988+0000] {taskinstance.py:2698} ERROR - Task failed with exception
Traceback (most recent call last):
  File "/home/airflow/.local/lib/python3.10/site-packages/airflow/models/taskinstance.py", line 433, in _execute_task
    result = execute_callable(context=context, **execute_callable_kwargs)
  File "/home/airflow/.local/lib/python3.10/site-packages/airflow/operators/python.py", line 199, in execute
    return_value = self.execute_callable()
  File "/home/airflow/.local/lib/python3.10/site-packages/airflow/operators/python.py", line 216, in execute_callable
    return self.python_callable(*self.op_args, **self.op_kwargs)
  File "/opt/airflow/dags/mlops_movie_dag.py", line 35, in run_validate_models
    run_and_log(["python", "/opt/airflow/src/models/validate_model.py"])
  File "/opt/airflow/dags/mlops_movie_dag.py", line 12, in run_and_log
    result = subprocess.run(command, stdout=subprocess.PIPE, stderr=subprocess.STDOUT, text=True)
  File "/usr/local/lib/python3.10/subprocess.py", line 505, in run
    stdout, stderr = process.communicate(input, timeout=timeout)
  File "/usr/local/lib/python3.10/subprocess.py", line 1141, in communicate
    stdout = self.stdout.read()
  File "/home/airflow/.local/lib/python3.10/site-packages/airflow/models/taskinstance.py", line 2452, in signal_handler
    raise AirflowException("Task received SIGTERM signal")
airflow.exceptions.AirflowException: Task received SIGTERM signal
[2025-06-01T10:30:51.004+0000] {taskinstance.py:1138} INFO - Marking task as UP_FOR_RETRY. dag_id=movie_recommendation_pipeline, task_id=validate_models, execution_date=20250601T101457, start_date=20250601T102708, end_date=20250601T103051
[2025-06-01T10:30:51.029+0000] {standard_task_runner.py:107} ERROR - Failed to execute job 940 for task validate_models (Task received SIGTERM signal; 621)
[2025-06-01T10:30:51.106+0000] {process_utils.py:79} INFO - Process psutil.Process(pid=621, status='terminated', exitcode=1, started='10:27:07') (621) terminated with exit code 1
[2025-06-01T10:30:51.108+0000] {local_task_job_runner.py:234} INFO - Task exited with return code 143
[2025-06-01T10:30:51.126+0000] {taskinstance.py:3280} INFO - 0 downstream tasks scheduled from follow-on schedule check
